<?xml version="1.0" encoding="UTF-8"?>
<!-- Generated by org.testng.reporters.JUnitReportReporter -->
<testsuite hostname="CodeBox" failures="0" tests="1" name="testscripts.GetAndPost_ex2" time="2.412" errors="0" timestamp="2023-03-27T13:29:06 BST" skipped="0">
  <testcase classname="testscripts.GetAndPost_ex2" name="createUser" time="2.412"/>
  <system-out/>
</testsuite> <!-- testscripts.GetAndPost_ex2 -->
